[2022-09-14 16:25:29Z INFO HostContext] No proxy settings were found based on environmental variables (http_proxy/https_proxy/HTTP_PROXY/HTTPS_PROXY)
[2022-09-14 16:25:29Z INFO HostContext] Well known directory 'Bin': '/home/runner/runners/2.296.2/bin'
[2022-09-14 16:25:29Z INFO HostContext] Well known directory 'Root': '/home/runner/runners/2.296.2'
[2022-09-14 16:25:29Z INFO HostContext] Well known config file 'Credentials': '/home/runner/runners/2.296.2/.credentials'
[2022-09-14 16:25:29Z INFO HostContext] Well known directory 'Bin': '/home/runner/runners/2.296.2/bin'
[2022-09-14 16:25:29Z INFO HostContext] Well known directory 'Root': '/home/runner/runners/2.296.2'
[2022-09-14 16:25:29Z INFO HostContext] Well known config file 'Runner': '/home/runner/runners/2.296.2/.runner'
[2022-09-14 16:25:29Z INFO Listener] Runner is built for Linux (X64) - linux-x64.
[2022-09-14 16:25:29Z INFO Listener] RuntimeInformation: Linux 5.15.0-1019-azure #24~20.04.1-Ubuntu SMP Tue Aug 23 15:52:52 UTC 2022.
[2022-09-14 16:25:29Z INFO Listener] Version: 2.296.2
[2022-09-14 16:25:29Z INFO Listener] Commit: 21c30edf1e7a80e041649848ea1d91b885a8762e
[2022-09-14 16:25:29Z INFO Listener] Culture: 
[2022-09-14 16:25:29Z INFO Listener] UI Culture: 
[2022-09-14 16:25:29Z INFO HostContext] Well known directory 'Bin': '/home/runner/runners/2.296.2/bin'
[2022-09-14 16:25:29Z INFO HostContext] Well known directory 'Root': '/home/runner/runners/2.296.2'
[2022-09-14 16:25:29Z INFO Listener] Validating directory permissions for: '/home/runner/runners/2.296.2'
[2022-09-14 16:25:29Z INFO CommandLineParser] Parse
[2022-09-14 16:25:29Z INFO CommandLineParser] Parsing 1 args
[2022-09-14 16:25:29Z INFO CommandLineParser] parsing argument
[2022-09-14 16:25:29Z INFO CommandLineParser] HasArgs: False
[2022-09-14 16:25:29Z INFO CommandLineParser] Adding Command: run
[2022-09-14 16:25:29Z INFO Listener] Arguments parsed
[2022-09-14 16:25:29Z INFO Runner] ExecuteCommand
[2022-09-14 16:25:29Z INFO ConfigurationStore] currentAssemblyLocation: /home/runner/runners/2.296.2/bin/Runner.Listener.dll
[2022-09-14 16:25:29Z INFO HostContext] Well known directory 'Bin': '/home/runner/runners/2.296.2/bin'
[2022-09-14 16:25:29Z INFO ConfigurationStore] binPath: /home/runner/runners/2.296.2/bin
[2022-09-14 16:25:29Z INFO HostContext] Well known directory 'Bin': '/home/runner/runners/2.296.2/bin'
[2022-09-14 16:25:29Z INFO HostContext] Well known directory 'Root': '/home/runner/runners/2.296.2'
[2022-09-14 16:25:29Z INFO ConfigurationStore] RootFolder: /home/runner/runners/2.296.2
[2022-09-14 16:25:29Z INFO HostContext] Well known directory 'Bin': '/home/runner/runners/2.296.2/bin'
[2022-09-14 16:25:29Z INFO HostContext] Well known directory 'Root': '/home/runner/runners/2.296.2'
[2022-09-14 16:25:29Z INFO HostContext] Well known config file 'Runner': '/home/runner/runners/2.296.2/.runner'
[2022-09-14 16:25:29Z INFO ConfigurationStore] ConfigFilePath: /home/runner/runners/2.296.2/.runner
[2022-09-14 16:25:29Z INFO HostContext] Well known directory 'Bin': '/home/runner/runners/2.296.2/bin'
[2022-09-14 16:25:29Z INFO HostContext] Well known directory 'Root': '/home/runner/runners/2.296.2'
[2022-09-14 16:25:29Z INFO HostContext] Well known config file 'Credentials': '/home/runner/runners/2.296.2/.credentials'
[2022-09-14 16:25:29Z INFO ConfigurationStore] CredFilePath: /home/runner/runners/2.296.2/.credentials
[2022-09-14 16:25:29Z INFO HostContext] Well known directory 'Bin': '/home/runner/runners/2.296.2/bin'
[2022-09-14 16:25:29Z INFO HostContext] Well known directory 'Root': '/home/runner/runners/2.296.2'
[2022-09-14 16:25:29Z INFO HostContext] Well known config file 'MigratedCredentials': '/home/runner/runners/2.296.2/.credentials_migrated'
[2022-09-14 16:25:29Z INFO ConfigurationStore] MigratedCredFilePath: /home/runner/runners/2.296.2/.credentials_migrated
[2022-09-14 16:25:29Z INFO HostContext] Well known directory 'Bin': '/home/runner/runners/2.296.2/bin'
[2022-09-14 16:25:29Z INFO HostContext] Well known directory 'Root': '/home/runner/runners/2.296.2'
[2022-09-14 16:25:29Z INFO HostContext] Well known config file 'Service': '/home/runner/runners/2.296.2/.service'
[2022-09-14 16:25:29Z INFO ConfigurationStore] ServiceConfigFilePath: /home/runner/runners/2.296.2/.service
[2022-09-14 16:25:29Z INFO CommandSettings] Flag 'help': 'False'
[2022-09-14 16:25:29Z INFO CommandSettings] Flag 'version': 'False'
[2022-09-14 16:25:29Z INFO CommandSettings] Flag 'commit': 'False'
[2022-09-14 16:25:29Z INFO CommandSettings] Flag 'check': 'False'
[2022-09-14 16:25:29Z INFO CommandSettings] Command 'configure': 'False'
[2022-09-14 16:25:29Z INFO CommandSettings] Command 'remove': 'False'
[2022-09-14 16:25:29Z INFO CommandSettings] Command 'warmup': 'False'
[2022-09-14 16:25:29Z INFO ConfigurationManager] LoadSettings
[2022-09-14 16:25:29Z INFO ConfigurationStore] IsConfigured()
[2022-09-14 16:25:29Z INFO ConfigurationStore] IsConfigured: True
[2022-09-14 16:25:29Z INFO ConfigurationManager] Is configured: True
[2022-09-14 16:25:29Z INFO ConfigurationStore] Read setting file: 353 chars
[2022-09-14 16:25:29Z INFO ConfigurationManager] Settings Loaded
[2022-09-14 16:25:29Z INFO ConfigurationStore] IsServiceConfigured()
[2022-09-14 16:25:29Z INFO ConfigurationStore] IsServiceConfigured: False
[2022-09-14 16:25:29Z INFO CommandSettings] Command 'run': 'True'
[2022-09-14 16:25:29Z INFO ConfigurationStore] IsConfigured()
[2022-09-14 16:25:29Z INFO ConfigurationStore] IsConfigured: True
[2022-09-14 16:25:29Z INFO ConfigurationManager] Is configured: True
[2022-09-14 16:25:29Z INFO Runner] Could not parse the argument value '' for StartupType. Defaulting to Manual
[2022-09-14 16:25:29Z INFO Runner] Set runner startup type - Manual
[2022-09-14 16:25:29Z INFO CommandSettings] Flag 'once': 'False'
[2022-09-14 16:25:29Z INFO CommandSettings] Flag 'once': 'False'
[2022-09-14 16:25:29Z INFO Runner] RunAsync
[2022-09-14 16:25:29Z INFO ConfigurationManager] LoadSettings
[2022-09-14 16:25:29Z INFO ConfigurationStore] IsConfigured()
[2022-09-14 16:25:29Z INFO ConfigurationStore] IsConfigured: True
[2022-09-14 16:25:29Z INFO ConfigurationManager] Is configured: True
[2022-09-14 16:25:29Z INFO ConfigurationManager] Settings Loaded
[2022-09-14 16:25:29Z INFO MessageListener] {
  "AgentId": 1,
  "AgentName": "Hosted Agent",
  "SkipSessionRecover": true,
  "PoolId": 2,
  "ServerUrl": "https://pipelines.actions.githubusercontent.com/UNIEj8vDyrV7azDrNSC5y7OO6pHLfqAqjidryB5wbJuHvoeDp3/",
  "WorkFolder": "/home/runner/work",
  "MonitorSocketAddress": "127.0.0.1:49100"
}
[2022-09-14 16:25:29Z INFO MessageListener] Loading Credentials
[2022-09-14 16:25:29Z INFO ConfigurationStore] HasCredentials()
[2022-09-14 16:25:29Z INFO ConfigurationStore] stored True
[2022-09-14 16:25:29Z INFO CredentialManager] GetCredentialProvider
[2022-09-14 16:25:29Z INFO CredentialManager] Creating type OAuthAccessToken
[2022-09-14 16:25:29Z INFO CredentialManager] Creating credential type: OAuthAccessToken
[2022-09-14 16:25:29Z INFO OAuthAccessTokenCredential] GetVssCredentials
[2022-09-14 16:25:29Z INFO OAuthAccessTokenCredential] token retrieved: 1467 chars
[2022-09-14 16:25:29Z INFO OAuthAccessTokenCredential] cred created
[2022-09-14 16:25:29Z INFO MessageListener] Attempt to create session.
[2022-09-14 16:25:29Z INFO MessageListener] Connecting to the Runner Server...
[2022-09-14 16:25:29Z INFO RunnerServer] Establish connection with 100 seconds timeout.
[2022-09-14 16:25:29Z INFO GitHubActionsService] Starting operation Location.GetConnectionData
[2022-09-14 16:25:29Z INFO RunnerServer] Establish connection with 60 seconds timeout.
[2022-09-14 16:25:29Z INFO GitHubActionsService] Starting operation Location.GetConnectionData
[2022-09-14 16:25:29Z INFO RunnerServer] Establish connection with 60 seconds timeout.
[2022-09-14 16:25:29Z INFO GitHubActionsService] Starting operation Location.GetConnectionData
[2022-09-14 16:25:29Z INFO GitHubActionsService] Finished operation Location.GetConnectionData
[2022-09-14 16:25:29Z INFO GitHubActionsService] Finished operation Location.GetConnectionData
[2022-09-14 16:25:29Z INFO GitHubActionsService] Finished operation Location.GetConnectionData
[2022-09-14 16:25:29Z INFO MessageListener] VssConnection created
[2022-09-14 16:25:29Z INFO Terminal] WRITE LINE: 
[2022-09-14 16:25:29Z INFO Terminal] WRITE LINE: 
[2022-09-14 16:25:30Z INFO MessageListener] Session created.
[2022-09-14 16:25:30Z INFO Terminal] WRITE LINE: Current runner version: '2.296.2'
[2022-09-14 16:25:30Z INFO Terminal] WRITE LINE: 2022-09-14 16:25:30Z: Listening for Jobs
[2022-09-14 16:25:30Z ERR  JobNotification] Connection to monitor port 49100 failed!
[2022-09-14 16:25:30Z ERR  JobNotification] System.Net.Internals.SocketExceptionFactory+ExtendedSocketException (111): Connection refused [::ffff:127.0.0.1]:49100
   at System.Net.Sockets.Socket.DoConnect(EndPoint endPointSnapshot, SocketAddress socketAddress)
   at System.Net.Sockets.Socket.Connect(EndPoint remoteEP)
   at System.Net.Sockets.Socket.Connect(IPAddress address, Int32 port)
   at GitHub.Runner.Common.JobNotification.ConnectMonitor(String monitorSocketAddress)
[2022-09-14 16:25:30Z INFO JobDispatcher] Set runner/worker IPC timeout to 30 seconds.
[2022-09-14 16:25:33Z INFO MessageListener] Message '324' received from session 'fcd2d447-70d0-469f-9732-e59e9ef240a6'.
[2022-09-14 16:25:33Z INFO Runner] Received job message of length 19152 from service, with hash '2ff78a4b62f25fcef3ae8a31bde03a770d4b027f29ff9591c8b7671c2fa2cbb4'
[2022-09-14 16:25:33Z INFO JobDispatcher] Job request 704 for plan 4ff2039b-1a89-4b20-87bb-09a0d1751e05 job 3e57386a-e4fe-508e-2903-9ec80ecbe934 received.
[2022-09-14 16:25:33Z INFO JobDispatcher] Pull OrchestrationId 4ff2039b-1a89-4b20-87bb-09a0d1751e05.print-event.__default from JWT claims
[2022-09-14 16:25:33Z INFO Terminal] WRITE LINE: 2022-09-14 16:25:33Z: Running job: print-event
[2022-09-14 16:25:33Z INFO JobDispatcher] Start renew job request 704 for job 3e57386a-e4fe-508e-2903-9ec80ecbe934.
[2022-09-14 16:25:33Z INFO JobDispatcher] Successfully renew job request 704, job is valid till 09/14/2022 17:10:27
[2022-09-14 16:25:33Z INFO HostContext] Well known directory 'Bin': '/home/runner/runners/2.296.2/bin'
[2022-09-14 16:25:33Z INFO ProcessInvokerWrapper] Starting process:
[2022-09-14 16:25:33Z INFO ProcessInvokerWrapper]   File name: '/home/runner/runners/2.296.2/bin/Runner.Worker'
[2022-09-14 16:25:33Z INFO ProcessInvokerWrapper]   Arguments: 'spawnclient 112 115'
[2022-09-14 16:25:33Z INFO ProcessInvokerWrapper]   Working directory: '/home/runner/runners/2.296.2/bin'
[2022-09-14 16:25:33Z INFO ProcessInvokerWrapper]   Require exit code zero: 'False'
[2022-09-14 16:25:33Z INFO ProcessInvokerWrapper]   Encoding web name:  ; code page: ''
[2022-09-14 16:25:33Z INFO ProcessInvokerWrapper]   Force kill process on cancellation: 'True'
[2022-09-14 16:25:33Z INFO ProcessInvokerWrapper]   Redirected STDIN: 'False'
[2022-09-14 16:25:33Z INFO ProcessInvokerWrapper]   Persist current code page: 'False'
[2022-09-14 16:25:33Z INFO ProcessInvokerWrapper]   Keep redirected STDIN open: 'False'
[2022-09-14 16:25:33Z INFO ProcessInvokerWrapper]   High priority process: 'True'
[2022-09-14 16:25:33Z INFO ProcessInvokerWrapper] Process started with process id 1583, waiting for process exit.
[2022-09-14 16:25:33Z INFO JobDispatcher] Send job request message to worker for job 3e57386a-e4fe-508e-2903-9ec80ecbe934.
[2022-09-14 16:25:33Z INFO ProcessChannel] Sending message of length 19152, with hash '2ff78a4b62f25fcef3ae8a31bde03a770d4b027f29ff9591c8b7671c2fa2cbb4'
[2022-09-14 16:25:33Z INFO JobNotification] Entering JobStarted Notification
[2022-09-14 16:25:33Z INFO JobNotification] Entering StartMonitor
