[2022-09-14 16:25:33Z INFO HostContext] No proxy settings were found based on environmental variables (http_proxy/https_proxy/HTTP_PROXY/HTTPS_PROXY)
[2022-09-14 16:25:33Z INFO HostContext] Well known directory 'Bin': '/home/runner/runners/2.296.2/bin'
[2022-09-14 16:25:33Z INFO HostContext] Well known directory 'Root': '/home/runner/runners/2.296.2'
[2022-09-14 16:25:33Z INFO HostContext] Well known config file 'Credentials': '/home/runner/runners/2.296.2/.credentials'
[2022-09-14 16:25:33Z INFO HostContext] Well known directory 'Bin': '/home/runner/runners/2.296.2/bin'
[2022-09-14 16:25:33Z INFO HostContext] Well known directory 'Root': '/home/runner/runners/2.296.2'
[2022-09-14 16:25:33Z INFO HostContext] Well known config file 'Runner': '/home/runner/runners/2.296.2/.runner'
[2022-09-14 16:25:33Z INFO Worker] Version: 2.296.2
[2022-09-14 16:25:33Z INFO Worker] Commit: 21c30edf1e7a80e041649848ea1d91b885a8762e
[2022-09-14 16:25:33Z INFO Worker] Culture: 
[2022-09-14 16:25:33Z INFO Worker] UI Culture: 
[2022-09-14 16:25:33Z INFO Worker] Waiting to receive the job message from the channel.
[2022-09-14 16:25:33Z INFO ProcessChannel] Receiving message of length 19152, with hash '2ff78a4b62f25fcef3ae8a31bde03a770d4b027f29ff9591c8b7671c2fa2cbb4'
[2022-09-14 16:25:33Z INFO Worker] Message received.
[2022-09-14 16:25:33Z INFO Worker] Job message:
 {
  "environmentVariables": [
    {
      "type": 2,
      "file": 1,
      "line": 9,
      "col": 3,
      "map": [
        {
          "key": {
            "type": 0,
            "file": 1,
            "line": 9,
            "col": 3,
            "lit": "firstJobEvent"
          },
          "value": {
            "type": 3,
            "file": 1,
            "line": 9,
            "col": 18,
            "expr": "github.event.action"
          }
        }
      ]
    }
  ],
  "fileTable": [
    ".github/workflows/workflow_dispatch.yml"
  ],
  "mask": [
    {
      "type": "regex",
      "value": "***"
    },
    {
      "type": "regex",
      "value": "***"
    },
    {
      "type": "regex",
      "value": "***"
    },
    {
      "type": "regex",
      "value": "***"
    },
    {
      "type": "regex",
      "value": "***"
    },
    {
      "type": "regex",
      "value": "***"
    },
    {
      "type": "regex",
      "value": "***"
    },
    {
      "type": "regex",
      "value": "***"
    },
    {
      "type": "regex",
      "value": "***"
    },
    {
      "type": "regex",
      "value": "***"
    }
  ],
  "steps": [
    {
      "type": "action",
      "reference": {
        "type": "script"
      },
      "displayNameToken": {
        "type": 0,
        "file": 1,
        "line": 16,
        "col": 15,
        "lit": "Event that triggered this workflow"
      },
      "contextName": "__run",
      "inputs": {
        "type": 2,
        "map": [
          {
            "key": "script",
            "value": {
              "type": 0,
              "file": 1,
              "line": 17,
              "col": 14,
              "lit": "echo $(\"Workflow dispatch events\")"
            }
          }
        ]
      },
      "condition": "success()",
      "id": "3ba09dc2-3213-5794-bf7d-f9fcc09b1b67",
      "name": "__run"
    }
  ],
  "variables": {
    "ACTIONS_RUNNER_DEBUG": {
      "value": "true",
      "isSecret": true
    },
    "system.isScheduled": {
      "value": "False"
    },
    "system.servertype": {
      "value": "Hosted"
    },
    "system.culture": {
      "value": "en-US"
    },
    "system.pipelineStartTime": {
      "value": "2022-09-14 16:25:30+00:00"
    },
    "system.runner.lowdiskspacethreshold": {
      "value": "100"
    },
    "DistributedTask.NewActionMetadata": {
      "value": "true"
    },
    "DistributedTask.EnableCompositeActions": {
      "value": "true"
    },
    "DistributedTask.EnhancedAnnotations": {
      "value": "true"
    },
    "DistributedTask.UploadStepSummary": {
      "value": "true"
    },
    "DistributedTask.AllowRunnerContainerHooks": {
      "value": "true"
    },
    "system.teamProjectId": {
      "value": "00000000-0000-0000-0000-000000000000"
    },
    "build.buildId": {
      "value": "23"
    },
    "build.containerId": {
      "value": "247606"
    },
    "system.workflowFilePath": {
      "value": ".github/workflows/workflow_dispatch.yml"
    },
    "system.phaseDisplayName": {
      "value": "print-event"
    },
    "system.phaseId": {
      "value": "6eb3ad67-be83-5e22-a7b1-70d89b56e2d3"
    },
    "system.phaseName": {
      "value": "print-event"
    },
    "system.phaseAttempt": {
      "value": "1"
    },
    "system.jobIdentifier": {
      "value": "print-event.__default"
    },
    "system.jobAttempt": {
      "value": "1"
    },
    "System.JobPositionInPhase": {
      "value": "1"
    },
    "System.TotalJobsInPhase": {
      "value": "1"
    },
    "system.github.job": {
      "value": "print-event"
    },
    "system.jobDisplayName": {
      "value": "print-event"
    },
    "system.jobId": {
      "value": "3e57386a-e4fe-508e-2903-9ec80ecbe934"
    },
    "system.jobName": {
      "value": "__default"
    },
    "system.github.token.permissions": {
      "value": "{\"Actions\":\"write\",\"Checks\":\"write\",\"Contents\":\"write\",\"Deployments\":\"write\",\"Discussions\":\"write\",\"Issues\":\"write\",\"Metadata\":\"read\",\"Packages\":\"write\",\"Pages\":\"write\",\"PullRequests\":\"write\",\"RepositoryProjects\":\"write\",\"SecurityEvents\":\"write\",\"Statuses\":\"write\"}"
    },
    "system.github.token": {
      "value": "***",
      "isSecret": true
    },
    "system.runnerGroupName": {
      "value": "GitHub Actions"
    }
  },
  "messageType": "PipelineAgentJobRequest",
  "plan": {
    "scopeIdentifier": "00000000-0000-0000-0000-000000000000",
    "planType": "Actions",
    "version": 26,
    "planId": "4ff2039b-1a89-4b20-87bb-09a0d1751e05",
    "planGroup": "Actions:00000000-0000-0000-0000-000000000000:1",
    "artifactUri": "vstfs:///Build/Build/23",
    "artifactLocation": null,
    "definition": {
      "_links": {},
      "id": 3,
      "name": "esgi-ci-cd-exercises"
    },
    "owner": {
      "_links": {},
      "id": 3,
      "name": "ymerej-noyorb"
    }
  },
  "timeline": {
    "id": "4ff2039b-1a89-4b20-87bb-09a0d1751e05",
    "changeId": 0,
    "location": null
  },
  "jobId": "3e57386a-e4fe-508e-2903-9ec80ecbe934",
  "jobDisplayName": "print-event",
  "jobName": "__default",
  "requestId": 704,
  "lockedUntil": "0001-01-01T00:00:00",
  "resources": {
    "endpoints": [
      {
        "data": {
          "ServerId": "134dcf38-a347-4bd6-8624-7066f384f838",
          "ServerName": "a9fJ7B8fJEKt0gkG0SIcNfbMlOC5yZTPEMwZ8535dooZyQoAhX",
          "CacheServerUrl": "https://artifactcache.actions.githubusercontent.com/a9fJ7B8fJEKt0gkG0SIcNfbMlOC5yZTPEMwZ8535dooZyQoAhX/",
          "FeedStreamUrl": "https://pipelines.actions.githubusercontent.com/a9fJ7B8fJEKt0gkG0SIcNfbMlOC5yZTPEMwZ8535dooZyQoAhX/00000000-0000-0000-0000-000000000000/_apis/distributedtask/hubs/Actions/plans/4ff2039b-1a89-4b20-87bb-09a0d1751e05/timelines/4ff2039b-1a89-4b20-87bb-09a0d1751e05/records/3e57386a-e4fe-508e-2903-9ec80ecbe934/feedstream?api-version=6.0-preview"
        },
        "name": "SystemVssConnection",
        "url": "https://pipelines.actions.githubusercontent.com/a9fJ7B8fJEKt0gkG0SIcNfbMlOC5yZTPEMwZ8535dooZyQoAhX/",
        "authorization": {
          "parameters": {
            "AccessToken": ***
          },
          "scheme": "OAuth"
        },
        "isShared": false,
        "isReady": true
      }
    ]
  },
  "contextData": {
    "github": {
      "t": 2,
      "d": [
        {
          "k": "ref",
          "v": "refs/heads/main"
        },
        {
          "k": "sha",
          "v": "bd81719d84e34492564b4abbec3e4e2b1325655f"
        },
        {
          "k": "repository",
          "v": "ymerej-noyorb/esgi-ci-cd-exercises"
        },
        {
          "k": "repository_owner",
          "v": "ymerej-noyorb"
        },
        {
          "k": "repository_owner_id",
          "v": "61821987"
        },
        {
          "k": "repositoryUrl",
          "v": "git://github.com/ymerej-noyorb/esgi-ci-cd-exercises.git"
        },
        {
          "k": "run_id",
          "v": "3054437862"
        },
        {
          "k": "run_number",
          "v": "7"
        },
        {
          "k": "retention_days",
          "v": "90"
        },
        {
          "k": "run_attempt",
          "v": "1"
        },
        {
          "k": "artifact_cache_size_limit",
          "v": "10"
        },
        {
          "k": "repository_visibility",
          "v": "private"
        },
        {
          "k": "repository_id",
          "v": "536518920"
        },
        {
          "k": "actor_id",
          "v": "61821987"
        },
        {
          "k": "actor",
          "v": "ymerej-noyorb"
        },
        {
          "k": "triggering_actor",
          "v": "ymerej-noyorb"
        },
        {
          "k": "workflow",
          "v": "Workflow dispatch events"
        },
        {
          "k": "head_ref",
          "v": ""
        },
        {
          "k": "base_ref",
          "v": ""
        },
        {
          "k": "event_name",
          "v": "workflow_dispatch"
        },
        {
          "k": "event",
          "v": {
            "t": 2,
            "d": [
              {
                "k": "inputs",
                "v": null
              },
              {
                "k": "ref",
                "v": "refs/heads/main"
              },
              {
                "k": "repository",
                "v": {
                  "t": 2,
                  "d": [
                    {
                      "k": "allow_forking",
                      "v": true
                    },
                    {
                      "k": "archive_url",
                      "v": "https://api.github.com/repos/ymerej-noyorb/esgi-ci-cd-exercises/{archive_format}{/ref}"
                    },
                    {
                      "k": "archived",
                      "v": false
                    },
                    {
                      "k": "assignees_url",
                      "v": "https://api.github.com/repos/ymerej-noyorb/esgi-ci-cd-exercises/assignees{/user}"
                    },
                    {
                      "k": "blobs_url",
                      "v": "https://api.github.com/repos/ymerej-noyorb/esgi-ci-cd-exercises/git/blobs{/sha}"
                    },
                    {
                      "k": "branches_url",
                      "v": "https://api.github.com/repos/ymerej-noyorb/esgi-ci-cd-exercises/branches{/branch}"
                    },
                    {
                      "k": "clone_url",
                      "v": "https://github.com/ymerej-noyorb/esgi-ci-cd-exercises.git"
                    },
                    {
                      "k": "collaborators_url",
                      "v": "https://api.github.com/repos/ymerej-noyorb/esgi-ci-cd-exercises/collaborators{/collaborator}"
                    },
                    {
                      "k": "comments_url",
                      "v": "https://api.github.com/repos/ymerej-noyorb/esgi-ci-cd-exercises/comments{/number}"
                    },
                    {
                      "k": "commits_url",
                      "v": "https://api.github.com/repos/ymerej-noyorb/esgi-ci-cd-exercises/commits{/sha}"
                    },
                    {
                      "k": "compare_url",
                      "v": "https://api.github.com/repos/ymerej-noyorb/esgi-ci-cd-exercises/compare/{base}...{head}"
                    },
                    {
                      "k": "contents_url",
                      "v": "https://api.github.com/repos/ymerej-noyorb/esgi-ci-cd-exercises/contents/{+path}"
                    },
                    {
                      "k": "contributors_url",
                      "v": "https://api.github.com/repos/ymerej-noyorb/esgi-ci-cd-exercises/contributors"
                    },
                    {
                      "k": "created_at",
                      "v": "2022-09-14T10:06:01Z"
                    },
                    {
                      "k": "default_branch",
                      "v": "main"
                    },
                    {
                      "k": "deployments_url",
                      "v": "https://api.github.com/repos/ymerej-noyorb/esgi-ci-cd-exercises/deployments"
                    },
                    {
                      "k": "description",
                      "v": "âœ Used as course exercise"
                    },
                    {
                      "k": "disabled",
                      "v": false
                    },
                    {
                      "k": "downloads_url",
                      "v": "https://api.github.com/repos/ymerej-noyorb/esgi-ci-cd-exercises/downloads"
                    },
                    {
                      "k": "events_url",
                      "v": "https://api.github.com/repos/ymerej-noyorb/esgi-ci-cd-exercises/events"
                    },
                    {
                      "k": "fork",
                      "v": false
                    },
                    {
                      "k": "forks",
                      "v": 0.0
                    },
                    {
                      "k": "forks_count",
                      "v": 0.0
                    },
                    {
                      "k": "forks_url",
                      "v": "https://api.github.com/repos/ymerej-noyorb/esgi-ci-cd-exercises/forks"
                    },
                    {
                      "k": "full_name",
                      "v": "ymerej-noyorb/esgi-ci-cd-exercises"
                    },
                    {
                      "k": "git_commits_url",
                      "v": "https://api.github.com/repos/ymerej-noyorb/esgi-ci-cd-exercises/git/commits{/sha}"
                    },
                    {
                      "k": "git_refs_url",
                      "v": "https://api.github.com/repos/ymerej-noyorb/esgi-ci-cd-exercises/git/refs{/sha}"
                    },
                    {
                      "k": "git_tags_url",
                      "v": "https://api.github.com/repos/ymerej-noyorb/esgi-ci-cd-exercises/git/tags{/sha}"
                    },
                    {
                      "k": "git_url",
                      "v": "git://github.com/ymerej-noyorb/esgi-ci-cd-exercises.git"
                    },
                    {
                      "k": "has_downloads",
                      "v": true
                    },
                    {
                      "k": "has_issues",
                      "v": true
                    },
                    {
                      "k": "has_pages",
                      "v": false
                    },
                    {
                      "k": "has_projects",
                      "v": true
                    },
                    {
                      "k": "has_wiki",
                      "v": true
                    },
                    {
                      "k": "homepage",
                      "v": ""
                    },
                    {
                      "k": "hooks_url",
                      "v": "https://api.github.com/repos/ymerej-noyorb/esgi-ci-cd-exercises/hooks"
                    },
                    {
                      "k": "html_url",
                      "v": "https://github.com/ymerej-noyorb/esgi-ci-cd-exercises"
                    },
                    {
                      "k": "id",
                      "v": 536518920.0
                    },
                    {
                      "k": "is_template",
                      "v": false
                    },
                    {
                      "k": "issue_comment_url",
                      "v": "https://api.github.com/repos/ymerej-noyorb/esgi-ci-cd-exercises/issues/comments{/number}"
                    },
                    {
                      "k": "issue_events_url",
                      "v": "https://api.github.com/repos/ymerej-noyorb/esgi-ci-cd-exercises/issues/events{/number}"
                    },
                    {
                      "k": "issues_url",
                      "v": "https://api.github.com/repos/ymerej-noyorb/esgi-ci-cd-exercises/issues{/number}"
                    },
                    {
                      "k": "keys_url",
                      "v": "https://api.github.com/repos/ymerej-noyorb/esgi-ci-cd-exercises/keys{/key_id}"
                    },
                    {
                      "k": "labels_url",
                      "v": "https://api.github.com/repos/ymerej-noyorb/esgi-ci-cd-exercises/labels{/name}"
                    },
                    {
                      "k": "language",
                      "v": null
                    },
                    {
                      "k": "languages_url",
                      "v": "https://api.github.com/repos/ymerej-noyorb/esgi-ci-cd-exercises/languages"
                    },
                    {
                      "k": "license",
                      "v": null
                    },
                    {
                      "k": "merges_url",
                      "v": "https://api.github.com/repos/ymerej-noyorb/esgi-ci-cd-exercises/merges"
                    },
                    {
                      "k": "milestones_url",
                      "v": "https://api.github.com/repos/ymerej-noyorb/esgi-ci-cd-exercises/milestones{/number}"
                    },
                    {
                      "k": "mirror_url",
                      "v": null
                    },
                    {
                      "k": "name",
                      "v": "esgi-ci-cd-exercises"
                    },
                    {
                      "k": "node_id",
                      "v": "R_kgDOH_qhCA"
                    },
                    {
                      "k": "notifications_url",
                      "v": "https://api.github.com/repos/ymerej-noyorb/esgi-ci-cd-exercises/notifications{?since,all,participating}"
                    },
                    {
                      "k": "open_issues",
                      "v": 0.0
                    },
                    {
                      "k": "open_issues_count",
                      "v": 0.0
                    },
                    {
                      "k": "owner",
                      "v": {
                        "t": 2,
                        "d": [
                          {
                            "k": "avatar_url",
                            "v": "https://avatars.githubusercontent.com/u/61821987?v=4"
                          },
                          {
                            "k": "events_url",
                            "v": "https://api.github.com/users/ymerej-noyorb/events{/privacy}"
                          },
                          {
                            "k": "followers_url",
                            "v": "https://api.github.com/users/ymerej-noyorb/followers"
                          },
                          {
                            "k": "following_url",
                            "v": "https://api.github.com/users/ymerej-noyorb/following{/other_user}"
                          },
                          {
                            "k": "gists_url",
                            "v": "https://api.github.com/users/ymerej-noyorb/gists{/gist_id}"
                          },
                          {
                            "k": "gravatar_id",
                            "v": ""
                          },
                          {
                            "k": "html_url",
                            "v": "https://github.com/ymerej-noyorb"
                          },
                          {
                            "k": "id",
                            "v": 61821987.0
                          },
                          {
                            "k": "login",
                            "v": "ymerej-noyorb"
                          },
                          {
                            "k": "node_id",
                            "v": "MDQ6VXNlcjYxODIxOTg3"
                          },
                          {
                            "k": "organizations_url",
                            "v": "https://api.github.com/users/ymerej-noyorb/orgs"
                          },
                          {
                            "k": "received_events_url",
                            "v": "https://api.github.com/users/ymerej-noyorb/received_events"
                          },
                          {
                            "k": "repos_url",
                            "v": "https://api.github.com/users/ymerej-noyorb/repos"
                          },
                          {
                            "k": "site_admin",
                            "v": false
                          },
                          {
                            "k": "starred_url",
                            "v": "https://api.github.com/users/ymerej-noyorb/starred{/owner}{/repo}"
                          },
                          {
                            "k": "subscriptions_url",
                            "v": "https://api.github.com/users/ymerej-noyorb/subscriptions"
                          },
                          {
                            "k": "type",
                            "v": "User"
                          },
                          {
                            "k": "url",
                            "v": "https://api.github.com/users/ymerej-noyorb"
                          }
                        ]
                      }
                    },
                    {
                      "k": "private",
                      "v": true
                    },
                    {
                      "k": "pulls_url",
                      "v": "https://api.github.com/repos/ymerej-noyorb/esgi-ci-cd-exercises/pulls{/number}"
                    },
                    {
                      "k": "pushed_at",
                      "v": "2022-09-14T16:16:14Z"
                    },
                    {
                      "k": "releases_url",
                      "v": "https://api.github.com/repos/ymerej-noyorb/esgi-ci-cd-exercises/releases{/id}"
                    },
                    {
                      "k": "size",
                      "v": 5.0
                    },
                    {
                      "k": "ssh_url",
                      "v": "git@github.com:ymerej-noyorb/esgi-ci-cd-exercises.git"
                    },
                    {
                      "k": "stargazers_count",
                      "v": 0.0
                    },
                    {
                      "k": "stargazers_url",
                      "v": "https://api.github.com/repos/ymerej-noyorb/esgi-ci-cd-exercises/stargazers"
                    },
                    {
                      "k": "statuses_url",
                      "v": "https://api.github.com/repos/ymerej-noyorb/esgi-ci-cd-exercises/statuses/{sha}"
                    },
                    {
                      "k": "subscribers_url",
                      "v": "https://api.github.com/repos/ymerej-noyorb/esgi-ci-cd-exercises/subscribers"
                    },
                    {
                      "k": "subscription_url",
                      "v": "https://api.github.com/repos/ymerej-noyorb/esgi-ci-cd-exercises/subscription"
                    },
                    {
                      "k": "svn_url",
                      "v": "https://github.com/ymerej-noyorb/esgi-ci-cd-exercises"
                    },
                    {
                      "k": "tags_url",
                      "v": "https://api.github.com/repos/ymerej-noyorb/esgi-ci-cd-exercises/tags"
                    },
                    {
                      "k": "teams_url",
                      "v": "https://api.github.com/repos/ymerej-noyorb/esgi-ci-cd-exercises/teams"
                    },
                    {
                      "k": "topics",
                      "v": {
                        "t": 1,
                        "a": [
                          "course-exercise"
                        ]
                      }
                    },
                    {
                      "k": "trees_url",
                      "v": "https://api.github.com/repos/ymerej-noyorb/esgi-ci-cd-exercises/git/trees{/sha}"
                    },
                    {
                      "k": "updated_at",
                      "v": "2022-09-14T10:35:47Z"
                    },
                    {
                      "k": "url",
                      "v": "https://api.github.com/repos/ymerej-noyorb/esgi-ci-cd-exercises"
                    },
                    {
                      "k": "visibility",
                      "v": "private"
                    },
                    {
                      "k": "watchers",
                      "v": 0.0
                    },
                    {
                      "k": "watchers_count",
                      "v": 0.0
                    },
                    {
                      "k": "web_commit_signoff_required",
                      "v": false
                    }
                  ]
                }
              },
              {
                "k": "sender",
                "v": {
                  "t": 2,
                  "d": [
                    {
                      "k": "avatar_url",
                      "v": "https://avatars.githubusercontent.com/u/61821987?v=4"
                    },
                    {
                      "k": "events_url",
                      "v": "https://api.github.com/users/ymerej-noyorb/events{/privacy}"
                    },
                    {
                      "k": "followers_url",
                      "v": "https://api.github.com/users/ymerej-noyorb/followers"
                    },
                    {
                      "k": "following_url",
                      "v": "https://api.github.com/users/ymerej-noyorb/following{/other_user}"
                    },
                    {
                      "k": "gists_url",
                      "v": "https://api.github.com/users/ymerej-noyorb/gists{/gist_id}"
                    },
                    {
                      "k": "gravatar_id",
                      "v": ""
                    },
                    {
                      "k": "html_url",
                      "v": "https://github.com/ymerej-noyorb"
                    },
                    {
                      "k": "id",
                      "v": 61821987.0
                    },
                    {
                      "k": "login",
                      "v": "ymerej-noyorb"
                    },
                    {
                      "k": "node_id",
                      "v": "MDQ6VXNlcjYxODIxOTg3"
                    },
                    {
                      "k": "organizations_url",
                      "v": "https://api.github.com/users/ymerej-noyorb/orgs"
                    },
                    {
                      "k": "received_events_url",
                      "v": "https://api.github.com/users/ymerej-noyorb/received_events"
                    },
                    {
                      "k": "repos_url",
                      "v": "https://api.github.com/users/ymerej-noyorb/repos"
                    },
                    {
                      "k": "site_admin",
                      "v": false
                    },
                    {
                      "k": "starred_url",
                      "v": "https://api.github.com/users/ymerej-noyorb/starred{/owner}{/repo}"
                    },
                    {
                      "k": "subscriptions_url",
                      "v": "https://api.github.com/users/ymerej-noyorb/subscriptions"
                    },
                    {
                      "k": "type",
                      "v": "User"
                    },
                    {
                      "k": "url",
                      "v": "https://api.github.com/users/ymerej-noyorb"
                    }
                  ]
                }
              },
              {
                "k": "workflow",
                "v": ".github/workflows/workflow_dispatch.yml"
              }
            ]
          }
        },
        {
          "k": "server_url",
          "v": "https://github.com"
        },
        {
          "k": "api_url",
          "v": "https://api.github.com"
        },
        {
          "k": "graphql_url",
          "v": "https://api.github.com/graphql"
        },
        {
          "k": "ref_name",
          "v": "main"
        },
        {
          "k": "ref_protected",
          "v": false
        },
        {
          "k": "ref_type",
          "v": "branch"
        },
        {
          "k": "secret_source",
          "v": "Actions"
        }
      ]
    },
    "needs": {
      "t": 2
    },
    "inputs": {
      "t": 2
    },
    "matrix": null,
    "strategy": {
      "t": 2,
      "d": [
        {
          "k": "fail-fast",
          "v": true
        },
        {
          "k": "job-index",
          "v": 0.0
        },
        {
          "k": "job-total",
          "v": 1.0
        },
        {
          "k": "max-parallel",
          "v": 1.0
        }
      ]
    }
  }
}
[2022-09-14 16:25:33Z INFO JobRunner] Job ID 3e57386a-e4fe-508e-2903-9ec80ecbe934
[2022-09-14 16:25:33Z INFO JobRunner] Creating job server with URL: https://pipelines.actions.githubusercontent.com/a9fJ7B8fJEKt0gkG0SIcNfbMlOC5yZTPEMwZ8535dooZyQoAhX/
[2022-09-14 16:25:33Z INFO ConfigurationStore] currentAssemblyLocation: /home/runner/runners/2.296.2/bin/Runner.Worker.dll
[2022-09-14 16:25:33Z INFO HostContext] Well known directory 'Bin': '/home/runner/runners/2.296.2/bin'
[2022-09-14 16:25:33Z INFO ConfigurationStore] binPath: /home/runner/runners/2.296.2/bin
[2022-09-14 16:25:33Z INFO HostContext] Well known directory 'Bin': '/home/runner/runners/2.296.2/bin'
[2022-09-14 16:25:33Z INFO HostContext] Well known directory 'Root': '/home/runner/runners/2.296.2'
[2022-09-14 16:25:33Z INFO ConfigurationStore] RootFolder: /home/runner/runners/2.296.2
[2022-09-14 16:25:33Z INFO HostContext] Well known directory 'Bin': '/home/runner/runners/2.296.2/bin'
[2022-09-14 16:25:33Z INFO HostContext] Well known directory 'Root': '/home/runner/runners/2.296.2'
[2022-09-14 16:25:33Z INFO HostContext] Well known config file 'Runner': '/home/runner/runners/2.296.2/.runner'
[2022-09-14 16:25:33Z INFO ConfigurationStore] ConfigFilePath: /home/runner/runners/2.296.2/.runner
[2022-09-14 16:25:33Z INFO HostContext] Well known directory 'Bin': '/home/runner/runners/2.296.2/bin'
[2022-09-14 16:25:33Z INFO HostContext] Well known directory 'Root': '/home/runner/runners/2.296.2'
[2022-09-14 16:25:33Z INFO HostContext] Well known config file 'Credentials': '/home/runner/runners/2.296.2/.credentials'
[2022-09-14 16:25:33Z INFO ConfigurationStore] CredFilePath: /home/runner/runners/2.296.2/.credentials
[2022-09-14 16:25:33Z INFO HostContext] Well known directory 'Bin': '/home/runner/runners/2.296.2/bin'
[2022-09-14 16:25:33Z INFO HostContext] Well known directory 'Root': '/home/runner/runners/2.296.2'
[2022-09-14 16:25:33Z INFO HostContext] Well known config file 'MigratedCredentials': '/home/runner/runners/2.296.2/.credentials_migrated'
[2022-09-14 16:25:33Z INFO ConfigurationStore] MigratedCredFilePath: /home/runner/runners/2.296.2/.credentials_migrated
[2022-09-14 16:25:33Z INFO HostContext] Well known directory 'Bin': '/home/runner/runners/2.296.2/bin'
[2022-09-14 16:25:33Z INFO HostContext] Well known directory 'Root': '/home/runner/runners/2.296.2'
[2022-09-14 16:25:33Z INFO HostContext] Well known config file 'Service': '/home/runner/runners/2.296.2/.service'
[2022-09-14 16:25:33Z INFO ConfigurationStore] ServiceConfigFilePath: /home/runner/runners/2.296.2/.service
[2022-09-14 16:25:33Z INFO ConfigurationStore] Read setting file: 353 chars
[2022-09-14 16:25:33Z INFO GitHubActionsService] Starting operation Location.GetConnectionData
[2022-09-14 16:25:33Z INFO Worker] Listening for cancel message from the channel.
[2022-09-14 16:25:33Z INFO Worker] Waiting for the job to complete or for a cancel message from the channel.
[2022-09-14 16:25:34Z INFO GitHubActionsService] Finished operation Location.GetConnectionData
[2022-09-14 16:25:34Z INFO JobServer] Creating websocket client ...wss://pipelines.actions.githubusercontent.com/a9fJ7B8fJEKt0gkG0SIcNfbMlOC5yZTPEMwZ8535dooZyQoAhX/00000000-0000-0000-0000-000000000000/_apis/distributedtask/hubs/Actions/plans/4ff2039b-1a89-4b20-87bb-09a0d1751e05/timelines/4ff2039b-1a89-4b20-87bb-09a0d1751e05/records/3e57386a-e4fe-508e-2903-9ec80ecbe934/feedstream?api-version=6.0-preview
[2022-09-14 16:25:34Z INFO JobServer] Attempting to start websocket client with delay 00:00:00.
[2022-09-14 16:25:34Z INFO JobServerQueue] Start process web console line queue.
[2022-09-14 16:25:34Z INFO JobServerQueue] Start process file upload queue.
[2022-09-14 16:25:34Z INFO JobServerQueue] Start process timeline update queue.
[2022-09-14 16:25:34Z INFO ExecutionContext] Initialize GitHub context
[2022-09-14 16:25:34Z INFO ExecutionContext] Initialize Env context
[2022-09-14 16:25:34Z INFO HostContext] Well known directory 'Bin': '/home/runner/runners/2.296.2/bin'
[2022-09-14 16:25:34Z INFO HostContext] Well known directory 'Root': '/home/runner/runners/2.296.2'
[2022-09-14 16:25:34Z INFO HostContext] Well known directory 'Diag': '/home/runner/runners/2.296.2/_diag'
[2022-09-14 16:25:34Z INFO JobRunner] Starting the job execution context.
[2022-09-14 16:25:34Z INFO HostContext] Well known directory 'Bin': '/home/runner/runners/2.296.2/bin'
[2022-09-14 16:25:34Z INFO HostContext] Well known directory 'Root': '/home/runner/runners/2.296.2'
[2022-09-14 16:25:34Z INFO HostContext] Well known directory 'Work': '/home/runner/work'
[2022-09-14 16:25:34Z INFO JobRunner] Validating directory permissions for: '/home/runner/work'
[2022-09-14 16:25:34Z INFO HostContext] Well known directory 'Tools': '/opt/hostedtoolcache'
[2022-09-14 16:25:34Z INFO HostContext] Well known directory 'Bin': '/home/runner/runners/2.296.2/bin'
[2022-09-14 16:25:34Z INFO HostContext] Well known directory 'Root': '/home/runner/runners/2.296.2'
[2022-09-14 16:25:34Z INFO HostContext] Well known directory 'Work': '/home/runner/work'
[2022-09-14 16:25:34Z INFO HostContext] Well known directory 'Temp': '/home/runner/work/_temp'
[2022-09-14 16:25:34Z INFO JobRunner] Getting job extension.
[2022-09-14 16:25:34Z INFO JobRunner] Initialize job. Getting all job steps.
[2022-09-14 16:25:34Z INFO HostContext] Well known directory 'Bin': '/home/runner/runners/2.296.2/bin'
[2022-09-14 16:25:34Z INFO HostContext] Well known directory 'Root': '/home/runner/runners/2.296.2'
[2022-09-14 16:25:34Z INFO HostContext] Well known directory 'Diag': '/home/runner/runners/2.296.2/_diag'
[2022-09-14 16:25:34Z INFO HostContext] Well known directory 'Bin': '/home/runner/runners/2.296.2/bin'
[2022-09-14 16:25:34Z INFO HostContext] Well known directory 'Root': '/home/runner/runners/2.296.2'
[2022-09-14 16:25:34Z INFO HostContext] Well known config file 'Credentials': '/home/runner/runners/2.296.2/.credentials'
[2022-09-14 16:25:34Z INFO HostContext] Well known directory 'Bin': '/home/runner/runners/2.296.2/bin'
[2022-09-14 16:25:34Z INFO HostContext] Well known directory 'Root': '/home/runner/runners/2.296.2'
[2022-09-14 16:25:34Z INFO HostContext] Well known config file 'SetupInfo': '/home/runner/runners/2.296.2/.setup_info'
[2022-09-14 16:25:34Z INFO JobExtension] Load machine setup info from /home/runner/runners/2.296.2/.setup_info
[2022-09-14 16:25:34Z INFO HostContext] Well known directory 'Bin': '/home/runner/runners/2.296.2/bin'
[2022-09-14 16:25:34Z INFO HostContext] Well known directory 'Root': '/home/runner/runners/2.296.2'
[2022-09-14 16:25:34Z INFO HostContext] Well known directory 'Work': '/home/runner/work'
[2022-09-14 16:25:34Z INFO PipelineDirectoryManager] Loading tracking config if exists: /home/runner/work/_PipelineMapping/ymerej-noyorb/esgi-ci-cd-exercises/PipelineFolder.json
[2022-09-14 16:25:34Z INFO PipelineDirectoryManager] Creating a new tracking config file.
[2022-09-14 16:25:34Z INFO HostContext] Well known directory 'Bin': '/home/runner/runners/2.296.2/bin'
[2022-09-14 16:25:34Z INFO HostContext] Well known directory 'Root': '/home/runner/runners/2.296.2'
[2022-09-14 16:25:34Z INFO HostContext] Well known directory 'Work': '/home/runner/work'
[2022-09-14 16:25:34Z INFO PipelineDirectoryManager] Creating pipeline directory.
[2022-09-14 16:25:34Z INFO HostContext] Well known directory 'Bin': '/home/runner/runners/2.296.2/bin'
[2022-09-14 16:25:34Z INFO HostContext] Well known directory 'Root': '/home/runner/runners/2.296.2'
[2022-09-14 16:25:34Z INFO HostContext] Well known directory 'Work': '/home/runner/work'
[2022-09-14 16:25:34Z INFO PipelineDirectoryManager] Creating workspace directory.
[2022-09-14 16:25:34Z INFO HostContext] Well known directory 'Bin': '/home/runner/runners/2.296.2/bin'
[2022-09-14 16:25:34Z INFO HostContext] Well known directory 'Root': '/home/runner/runners/2.296.2'
[2022-09-14 16:25:34Z INFO HostContext] Well known directory 'Work': '/home/runner/work'
[2022-09-14 16:25:34Z INFO JobServer] Successfully started websocket client.
[2022-09-14 16:25:34Z INFO JobExtension] Downloading actions
[2022-09-14 16:25:34Z INFO HostContext] Well known directory 'Bin': '/home/runner/runners/2.296.2/bin'
[2022-09-14 16:25:34Z INFO HostContext] Well known directory 'Root': '/home/runner/runners/2.296.2'
[2022-09-14 16:25:34Z INFO HostContext] Well known directory 'Work': '/home/runner/work'
[2022-09-14 16:25:34Z INFO HostContext] Well known directory 'Actions': '/home/runner/work/_actions'
[2022-09-14 16:25:34Z INFO JobExtension] Adding .
[2022-09-14 16:25:34Z INFO HostContext] Well known directory 'Bin': '/home/runner/runners/2.296.2/bin'
[2022-09-14 16:25:34Z INFO HostContext] Well known directory 'Root': '/home/runner/runners/2.296.2'
[2022-09-14 16:25:34Z INFO HostContext] Well known directory 'Diag': '/home/runner/runners/2.296.2/_diag'
[2022-09-14 16:25:34Z INFO JobExtension] Total accessible running process: 142.
[2022-09-14 16:25:34Z INFO HostContext] Well known directory 'Bin': '/home/runner/runners/2.296.2/bin'
[2022-09-14 16:25:34Z INFO HostContext] Well known directory 'Root': '/home/runner/runners/2.296.2'
[2022-09-14 16:25:34Z INFO HostContext] Well known directory 'Work': '/home/runner/work'
[2022-09-14 16:25:34Z INFO ExecutionContext] Publish step telemetry for current step {
  "action": "setup_job",
  "type": "runner",
  "stage": "Pre",
  "stepId": "8ebd9ac3-cbde-4f43-b312-05f0f85bfc5b",
  "result": "succeeded",
  "errorMessages": [],
  "executionTimeInSeconds": 1,
  "startTime": "2022-09-14T16:25:34.3677036Z",
  "finishTime": "2022-09-14T16:25:34.5348789Z"
}.
[2022-09-14 16:25:34Z INFO JobRunner] Total job steps: 1.
[2022-09-14 16:25:34Z INFO JobRunner] Run all job steps.
[2022-09-14 16:25:34Z INFO StepsRunner] Processing step: DisplayName='Event that triggered this workflow'
[2022-09-14 16:25:34Z INFO StepsRunner] Evaluating: success()
[2022-09-14 16:25:34Z INFO StepsRunner] Result: true
[2022-09-14 16:25:34Z INFO StepsRunner] Starting the step.
[2022-09-14 16:25:34Z INFO JobServerQueue] Try to append 1 batches web console lines for record '8ebd9ac3-cbde-4f43-b312-05f0f85bfc5b', success rate: 1/1.
[2022-09-14 16:25:34Z INFO HostContext] Well known directory 'Bin': '/home/runner/runners/2.296.2/bin'
[2022-09-14 16:25:34Z INFO HostContext] Well known directory 'Root': '/home/runner/runners/2.296.2'
[2022-09-14 16:25:34Z INFO HostContext] Well known directory 'Work': '/home/runner/work'
[2022-09-14 16:25:34Z INFO HostContext] Well known directory 'Temp': '/home/runner/work/_temp'
[2022-09-14 16:25:34Z INFO ExecutionContext] Write event payload to /home/runner/work/_temp/_github_workflow/event.json
[2022-09-14 16:25:34Z INFO HostContext] Well known directory 'Bin': '/home/runner/runners/2.296.2/bin'
[2022-09-14 16:25:34Z INFO HostContext] Well known directory 'Root': '/home/runner/runners/2.296.2'
[2022-09-14 16:25:34Z INFO HostContext] Well known directory 'Work': '/home/runner/work'
[2022-09-14 16:25:34Z INFO HostContext] Well known directory 'Temp': '/home/runner/work/_temp'
[2022-09-14 16:25:34Z INFO ExtensionManager] Getting extensions for interface: 'GitHub.Runner.Worker.IFileCommandExtension'
[2022-09-14 16:25:34Z INFO ExtensionManager] Creating instance: GitHub.Runner.Worker.AddPathFileCommand, Runner.Worker
[2022-09-14 16:25:34Z INFO ExtensionManager] Creating instance: GitHub.Runner.Worker.SetEnvFileCommand, Runner.Worker
[2022-09-14 16:25:34Z INFO ExtensionManager] Creating instance: GitHub.Runner.Worker.CreateStepSummaryCommand, Runner.Worker
[2022-09-14 16:25:34Z INFO ExtensionManager] Getting extensions for interface: 'GitHub.Runner.Worker.IActionCommandExtension'
[2022-09-14 16:25:34Z INFO ExtensionManager] Creating instance: GitHub.Runner.Worker.InternalPluginSetRepoPathCommandExtension, Runner.Worker
[2022-09-14 16:25:34Z INFO ExtensionManager] Creating instance: GitHub.Runner.Worker.SetEnvCommandExtension, Runner.Worker
[2022-09-14 16:25:34Z INFO ExtensionManager] Creating instance: GitHub.Runner.Worker.SetOutputCommandExtension, Runner.Worker
[2022-09-14 16:25:34Z INFO ExtensionManager] Creating instance: GitHub.Runner.Worker.SaveStateCommandExtension, Runner.Worker
[2022-09-14 16:25:34Z INFO ExtensionManager] Creating instance: GitHub.Runner.Worker.AddPathCommandExtension, Runner.Worker
[2022-09-14 16:25:34Z INFO ExtensionManager] Creating instance: GitHub.Runner.Worker.AddMaskCommandExtension, Runner.Worker
[2022-09-14 16:25:34Z INFO ExtensionManager] Creating instance: GitHub.Runner.Worker.AddMatcherCommandExtension, Runner.Worker
[2022-09-14 16:25:34Z INFO ExtensionManager] Creating instance: GitHub.Runner.Worker.RemoveMatcherCommandExtension, Runner.Worker
[2022-09-14 16:25:34Z INFO ExtensionManager] Creating instance: GitHub.Runner.Worker.WarningCommandExtension, Runner.Worker
[2022-09-14 16:25:34Z INFO ExtensionManager] Creating instance: GitHub.Runner.Worker.ErrorCommandExtension, Runner.Worker
[2022-09-14 16:25:34Z INFO ExtensionManager] Creating instance: GitHub.Runner.Worker.NoticeCommandExtension, Runner.Worker
[2022-09-14 16:25:34Z INFO ExtensionManager] Creating instance: GitHub.Runner.Worker.DebugCommandExtension, Runner.Worker
[2022-09-14 16:25:34Z INFO ExtensionManager] Creating instance: GitHub.Runner.Worker.GroupCommandExtension, Runner.Worker
[2022-09-14 16:25:34Z INFO ExtensionManager] Creating instance: GitHub.Runner.Worker.EndGroupCommandExtension, Runner.Worker
[2022-09-14 16:25:34Z INFO ExtensionManager] Creating instance: GitHub.Runner.Worker.EchoCommandExtension, Runner.Worker
[2022-09-14 16:25:34Z INFO ActionCommandManager] Register action command extension for command internal-set-repo-path
[2022-09-14 16:25:34Z INFO ActionCommandManager] Register action command extension for command set-env
[2022-09-14 16:25:34Z INFO ActionCommandManager] Register action command extension for command set-output
[2022-09-14 16:25:34Z INFO ActionCommandManager] Register action command extension for command save-state
[2022-09-14 16:25:34Z INFO ActionCommandManager] Register action command extension for command add-path
[2022-09-14 16:25:34Z INFO ActionCommandManager] Register action command extension for command add-mask
[2022-09-14 16:25:34Z INFO ActionCommandManager] Register action command extension for command add-matcher
[2022-09-14 16:25:34Z INFO ActionCommandManager] Register action command extension for command remove-matcher
[2022-09-14 16:25:34Z INFO ActionCommandManager] Register action command extension for command warning
[2022-09-14 16:25:34Z INFO ActionCommandManager] Register action command extension for command error
[2022-09-14 16:25:34Z INFO ActionCommandManager] Register action command extension for command notice
[2022-09-14 16:25:34Z INFO ActionCommandManager] Register action command extension for command debug
[2022-09-14 16:25:34Z INFO ActionCommandManager] Register action command extension for command group
[2022-09-14 16:25:34Z INFO ActionCommandManager] Register action command extension for command endgroup
[2022-09-14 16:25:34Z INFO ActionCommandManager] Register action command extension for command echo
[2022-09-14 16:25:34Z INFO ScriptHandler] Which: 'bash'
[2022-09-14 16:25:34Z INFO ScriptHandler] Location: '/usr/bin/bash'
[2022-09-14 16:25:34Z INFO HostContext] Well known directory 'Bin': '/home/runner/runners/2.296.2/bin'
[2022-09-14 16:25:34Z INFO HostContext] Well known directory 'Root': '/home/runner/runners/2.296.2'
[2022-09-14 16:25:34Z INFO HostContext] Well known directory 'Work': '/home/runner/work'
[2022-09-14 16:25:34Z INFO HostContext] Well known directory 'Temp': '/home/runner/work/_temp'
[2022-09-14 16:25:34Z INFO ScriptHandler] Which: 'bash'
[2022-09-14 16:25:34Z INFO ScriptHandler] Location: '/usr/bin/bash'
[2022-09-14 16:25:34Z INFO ProcessInvokerWrapper] Starting process:
[2022-09-14 16:25:34Z INFO ProcessInvokerWrapper]   File name: '/usr/bin/bash'
[2022-09-14 16:25:34Z INFO ProcessInvokerWrapper]   Arguments: '-e /home/runner/work/_temp/37a7bb5c-40ea-440c-9d83-b241d4a7b129.sh'
[2022-09-14 16:25:34Z INFO ProcessInvokerWrapper]   Working directory: '/home/runner/work/esgi-ci-cd-exercises/esgi-ci-cd-exercises'
[2022-09-14 16:25:34Z INFO ProcessInvokerWrapper]   Require exit code zero: 'False'
[2022-09-14 16:25:34Z INFO ProcessInvokerWrapper]   Encoding web name:  ; code page: ''
[2022-09-14 16:25:34Z INFO ProcessInvokerWrapper]   Force kill process on cancellation: 'False'
[2022-09-14 16:25:34Z INFO ProcessInvokerWrapper]   Redirected STDIN: 'False'
[2022-09-14 16:25:34Z INFO ProcessInvokerWrapper]   Persist current code page: 'False'
[2022-09-14 16:25:34Z INFO ProcessInvokerWrapper]   Keep redirected STDIN open: 'False'
[2022-09-14 16:25:34Z INFO ProcessInvokerWrapper]   High priority process: 'False'
[2022-09-14 16:25:34Z INFO ProcessInvokerWrapper] Failed to update oom_score_adj for PID: 1598.
[2022-09-14 16:25:34Z INFO ProcessInvokerWrapper] System.UnauthorizedAccessException: Access to the path '/proc/1598/oom_score_adj' is denied.
 ---> System.IO.IOException: Permission denied
   --- End of inner exception stack trace ---
   at Interop.ThrowExceptionForIoErrno(ErrorInfo errorInfo, String path, Boolean isDirectory, Func`2 errorRewriter)
   at Microsoft.Win32.SafeHandles.SafeFileHandle.Open(String path, OpenFlags flags, Int32 mode)
   at Microsoft.Win32.SafeHandles.SafeFileHandle.Open(String fullPath, FileMode mode, FileAccess access, FileShare share, FileOptions options, Int64 preallocationSize)
   at System.IO.Strategies.OSFileStreamStrategy..ctor(String path, FileMode mode, FileAccess access, FileShare share, FileOptions options, Int64 preallocationSize)
   at System.IO.Strategies.FileStreamHelpers.ChooseStrategy(FileStream fileStream, String path, FileMode mode, FileAccess access, FileShare share, Int32 bufferSize, FileOptions options, Int64 preallocationSize)
   at System.IO.StreamWriter.ValidateArgsAndOpenPath(String path, Boolean append, Encoding encoding, Int32 bufferSize)
   at System.IO.File.WriteAllText(String path, String contents)
   at GitHub.Runner.Sdk.ProcessInvoker.WriteProcessOomScoreAdj(Int32 processId, Int32 oomScoreAdj)
[2022-09-14 16:25:34Z INFO ProcessInvokerWrapper] Process started with process id 1598, waiting for process exit.
[2022-09-14 16:25:34Z INFO ProcessInvokerWrapper] STDOUT/STDERR stream read finished.
[2022-09-14 16:25:34Z INFO ProcessInvokerWrapper] STDOUT/STDERR stream read finished.
[2022-09-14 16:25:34Z INFO ProcessInvokerWrapper] Finished process 1598 with exit code 0, and elapsed time 00:00:00.0162041.
[2022-09-14 16:25:34Z INFO CreateStepSummaryCommand] Step Summary file (/home/runner/work/_temp/_runner_file_commands/step_summary_b3bead0c-f1eb-4ef7-af19-dc3c56293ab4) is empty; skipping attachment upload
[2022-09-14 16:25:34Z INFO StepsRunner] Step result: 
[2022-09-14 16:25:34Z INFO ExecutionContext] Publish step telemetry for current step {
  "action": "sh",
  "type": "run",
  "stage": "Main",
  "stepId": "3ba09dc2-3213-5794-bf7d-f9fcc09b1b67",
  "stepContextName": "__run",
  "result": "succeeded",
  "errorMessages": [],
  "executionTimeInSeconds": 1,
  "startTime": "2022-09-14T16:25:34.5536287Z",
  "finishTime": "2022-09-14T16:25:34.7302699Z"
}.
[2022-09-14 16:25:34Z INFO StepsRunner] No need for updating job result with current step result 'Succeeded'.
[2022-09-14 16:25:34Z INFO StepsRunner] Current state: job state = ''
[2022-09-14 16:25:34Z INFO JobRunner] Finalize job.
[2022-09-14 16:25:34Z INFO HostContext] Well known directory 'Bin': '/home/runner/runners/2.296.2/bin'
[2022-09-14 16:25:34Z INFO HostContext] Well known directory 'Root': '/home/runner/runners/2.296.2'
[2022-09-14 16:25:34Z INFO HostContext] Well known directory 'Diag': '/home/runner/runners/2.296.2/_diag'
[2022-09-14 16:25:34Z INFO JobExtension] Initialize Env context
[2022-09-14 16:25:34Z INFO JobExtension] Initialize steps context
[2022-09-14 16:25:34Z INFO JobExtension] Support log upload starting.
[2022-09-14 16:25:34Z INFO HostContext] Well known directory 'Bin': '/home/runner/runners/2.296.2/bin'
[2022-09-14 16:25:34Z INFO HostContext] Well known directory 'Root': '/home/runner/runners/2.296.2'
[2022-09-14 16:25:34Z INFO HostContext] Well known directory 'Work': '/home/runner/work'
[2022-09-14 16:25:34Z INFO HostContext] Well known directory 'Temp': '/home/runner/work/_temp'
[2022-09-14 16:25:34Z INFO HostContext] Well known directory 'Bin': '/home/runner/runners/2.296.2/bin'
[2022-09-14 16:25:34Z INFO HostContext] Well known directory 'Root': '/home/runner/runners/2.296.2'
[2022-09-14 16:25:34Z INFO HostContext] Well known directory 'Diag': '/home/runner/runners/2.296.2/_diag'
